[5/24/2025, 10:10:36 PM] LEGENDARY_CONFIG_PATH=/home/lennilid/.config/heroic/legendaryConfig/legendary /opt/Heroic/resources/app.asar.unpacked/build/bin/x64/linux/legendary --version
legendary version "0.20.37", codename "Exit 17 (Heroic)"
[5/24/2025, 10:10:36 PM] LEGENDARY_CONFIG_PATH=/home/lennilid/.config/heroic/legendaryConfig/legendary /opt/Heroic/resources/app.asar.unpacked/build/bin/x64/linux/legendary list --third-party
[cli] INFO: Logging in...
[Core] INFO: Trying to re-use existing login session...
[cli] INFO: Getting game list... (this may take a while)

Available games:
 * 20 Minutes Till Dawn (App name: 4656facc740742a39e265b026e13d075 | Version: 1.0-win)
 * Among Us (App name: 963137e4c29d4c79a81323b8fab03a40 | Version: 5739)
 * ARK: Survival Evolved (App name: aafc587fbf654758802c8e41e4fb3255 | Version: 358.26.win)
 * Art of Rally (App name: 01805192c8074820b1257fcfd97f2648 | Version: Windows_1.5.7_202410112311)
 * Black Book (App name: 1d74dcbca79540efb52cab2ff026215f | Version: 1.0.51win64)
 * Bloons TD 6 (App name: 7786b355a13b47a6b3915335117cd0b2 | Version: 48.2.9090)
 * Bus Simulator 21 Next Stop (App name: 0fcb6881984f4e9ab91f5e22e4bf844c | Version: Mainline.68564.34-Shipping)
 * Cat Quest (App name: 051eaac0842c46d7a5a62858ad534d5a | Version: 1.4)
 * Chivalry 2 (App name: Peppermint | Version: 261740+4859)
 * Chivalry 2 - Public Testing (App name: ca02598c9a5c4d5491d6431ce8e8d6e7 | Version: 250491+4716)
 * Cursed to Golf (App name: 077d2507a5fe4073bf0dd69485f425f5 | Version: 2.0.1)
 * Dakar Desert Rally (App name: 4aff63ad39cb4fe7a61720d59a4cebc6 | Version: 2.3.420)
 * Darkwood (App name: 923130ebb546417b9d3115507f752d34 | Version: win64_1.4.2)
 * Dauntless (App name: Jackal | Version: 2.1.1.682875)
 * Deliver Us Mars (App name: 9d943a160fa841859ac5c1f233789fcb | Version: 2.035387)
 * Destiny 2 (App name: 592c359fb0e0413fb46dee2d24448eb4 | Version: 10170608)
 * Discord (App name: 6fbbc765b38c4f2ea3d9a9caa620bae7 | Version: 1.0.9192.win)
 * Dishonored - Definitive Edition (App name: d2da64bd4c4e422da4b1a88041492a3a | Version: 1.6)
 * DNF Duel (App name: 82cdbdf05c61474d89c4f9e8a8bf0ea4 | Version: 1.8.1-0)
 * Dodo Peak (App name: 30647199e65341c2be84d81fa6964ff0 | Version: 1_5_5)
 * Doki Doki Literature Club Plus! (App name: c5109bdceb3a453bb38c2fdc964ddee8 | Version: Windows_1.0.7)
 * Escape Academy (App name: 4237ffc575c94a0e89ef9ab7dd884ad5 | Version: v3.0.6.1)
 * Eternal Threads (App name: ff1d9bf6b1304cb9a12b8754afa78ae5 | Version: 1.07)
 * Europa Universalis IV (App name: da0103e959e54d139d0c109ded3b3672 | Version: eu4-GitlabCI-Build-release_1.37.5-835bfdf8-windows)
  + Europa Universalis IV: Common Sense Expansion Pack (App name: c195b58b0379438bb31a5b99d365d56c | Version: V4_1eefef4174016240e005)
 * Eximius: Seize the Frontline (App name: 70f92598b33d42e290e411f07397aeee | Version: 1.3.0.1122.190)
 * Fall Guys (App name: 0a2d9f6403244d12969e11da6713137b | Version: EGS_10015)
 * Fallout 3: Game of the Year Edition (App name: adeae8bbfc94427db57c7dfecce3f1d4 | Version: 1.11)
 * Fallout: New Vegas (App name: 5daeb974a22a435988892319b3a4f476 | Version: 0.0.0.15)
  + Fallout New Vegas: Courier's Stash (App name: ee9a44b4530942499ef1c8c390731fce | Version: 0.0.0.3)
  + Fallout New Vegas®: Dead Money (App name: b290229eb58045cbab9501640f3278f3 | Version: 0.0.0.2)
  + Fallout New Vegas®: Gun Runners’ Arsenal™ (App name: 7dcfb9cd9d134728b2646466c34c7b3b | Version: 0.0.0.2)
  + Fallout New Vegas®: Honest Hearts (App name: 562d4a2c1b3147b089a7c453e3ddbcbe | Version: 0.0.0.4)
  + Fallout New Vegas®: Lonesome Road™ (App name: 4fa3d8d9b2cb4714a19a38d1a598be8f | Version: 0.0.0.2)
  + Fallout New Vegas®: Old World Blues (App name: c8dae1ab0570475a8b38a9041e614840 | Version: 0.0.0.3)
 * Farming Simulator 22 (App name: f452ea20ae1b43698209998b56c2cc1c | Version: 1.14.0.0_FarmP_1_1_win_b29250_r86546)
 * Fortnite (App name: Fortnite | Version: ++Fortnite+Release-35.10-CL-42906078-Windows)
  + Rocket Racing (App name: 5291abb43ba449859549cb41535e8c8f | Version: 1.02)
  + Unreal Editor for Fortnite (App name: Fortnite_Studio | Version: ++Fortnite+Release-35.10-CL-42906078-Windows)
 * Genshin Impact (App name: 41869934302e4b8cafac2d3c0e7c293d | Version: 101)
 * Ghostwire Tokyo (App name: 007ff8f4e30845a687e66aa77eb3e965 | Version: CL642509-A)
 * Godlike Burger (App name: f7c6294c948b47378659c9a963f449be | Version: 1.0.7.0)
 * Golden Light (App name: 0eeaae41305043f7a465310eb2cbaff9 | Version: 1.0.5)
 * GRIME (App name: 028263f54a874e35800d142275254d2c | Version: 1.3.5)
 * Hell Let Loose (App name: 3e02273b543f4ff0a1c24d3b534a9ac3 | Version: 324.979985)
 * Homeworld Remastered Collection (App name: dcfccf8d965a4f2281dddf9fead042de | Version: 3409635)
 * Homeworld: Deserts of Kharak (App name: c9b51edbca4d496cb39c6871f510620b | Version: 3324007-64)
 * Human Resource Machine (App name: Basil | Version: 1.0.1)
 * Idle Champions of the Forgotten Realms (App name: 40cb42e38c0b4a14a1bb133eb3291572 | Version: IdleDragons624064Live)
 * Infinifactory (App name: c7b3c16f56cb45abbfd915d59fd39689 | Version: 1.0.13)
 * LEGO® Star Wars™: The Skywalker Saga (App name: c390e58246ea4a778acd26473a489b48 | Version: 1.0.1.9)
  + LEGO® Star Wars™: Classic Obi-Wan (App name: 7b40d89dd2cb4f439e00d4ab81188f3b | Version: 1.0.0.3)
 * Line Of Sight. Dynamic mesh. (App name: LineOfSi1543722f05d1V10 | Version: 5.5.0-38382663+++UE5+Dev-Marketplace-Windows)
 * Loop Hero (App name: f7a0ebb44f93430fb1c4388a395eba96 | Version: 11054)
 * LOVE (App name: f99d3d6da3454662913621222037417d | Version: 0005live)
 * Marvel's Guardians of the Galaxy (App name: 63a665088eb1480298f1e57943b225d8 | Version: 2984448)
  + Marvel's Guardians of the Galaxy: Social-Lord Outfit (App name: 9596620d263b40c083ddf1f0c662c8ff | Version: 2978210)
 * Melvor Idle (App name: 7458160f5c18450cad7e95844a5dcdff | Version: 1.0.0-14-x64-sdk)
 * Midnight Ghost Hunt (App name: 456f53b28c384f02865874299f956501 | Version: 1.5.0)
 * Model Builder: Complete Edition (App name: 4a31c45c04e243cc97f3e47bc663fb18 | Version: 1.1.8i)
  + Model Builder: Aether DLC (App name: 574977bf807c4c3cabfe8ab19708205c | Version: 1.1.8i)
  + Model Builder: Alaskan Road Truckers DLC (App name: d94a06ef698942669bd001b2dd0fb3ee | Version: 1.1.8i)
  + Model Builder: Cars Pack DLC (App name: b681fecb34194e8a97ef6d69cbf71ca6 | Version: 1.1.8i)
  + Model Builder: Expansion Pack no.1 (App name: c4e284ae71ed49a285cc00dfce564e03 | Version: 1.1.8i)
  + Model Builder: Frostpunk DLC (App name: 1360dbfe60a04beaab046f50c42f51f0 | Version: 1.1.8i)
  + Model Builder: Into The Stars DLC (App name: b65e183e8f204281b8eb1bbbb6f7a98a | Version: 1.1.8i)
  + Model Builder: Military Pack DLC (App name: 25a83a57cf5f487d98e073b8a92e1f8d | Version: 1.1.8i)
  + Model Builder: The Invincible Helmet (App name: 370325fee5104176a6e5329936656965 | Version: 1.1.8i)
  + Model Builder: Titan-Forge DLC no.1 (App name: 987f387bd9324f1391cc87cd07348bf7 | Version: 1.1.8i)
  + Model Builder: Titan-Forge DLC no.2 (App name: 9c162cd16b7c44b9abfa21296343dfea | Version: 1.1.8i)
 * Mortal Shell (App name: 0055e45ce7654c55aade646467349e83 | Version: 14707)
 * Mortal Shell Tech Beta (App name: f0ac8218ef7d4b5aabec153e3f193db6 | Version: 9674)
 * Orwell: Keeping an Eye on You (App name: 8dac074a82a6492ba969bd38df266e58 | Version: win1.4.9207)
 * Out of Line (App name: 6b994d7f4f2a4e85a54d5c2ede6d2fed | Version: 1.0.5)
 * PAYDAY 2 (App name: 7d6b8784bab94d6cac5fea5ab7bb07a4 | Version: 1.143.246)
 * Rocket League® (App name: Sugar | Version: BC2_Update54+483820)
 * Runbow (App name: 85efb11aaeec4239989113f9a598b372 | Version: Runbow_1.7)
 * Sail Forth (App name: 11ba63f98ce94a38b631104a12c7adab | Version: Win_2025-02-23_16-08-03)
 * Saints Row (App name: Cormorant | Version: Manor_Wrapper_Update_RC1_CL4735700-230829_0259UTC)
 * Severed Steel (App name: 7179f095efcc4f92a950a6d9dbd9c602 | Version: 5.5.0)
 * Shadow of the Tomb Raider: Definitive Edition (App name: 890d9cf396d04922a1559333df419fed | Version: TR11_10072023_492.0_1227914_740629_133334955480774690_)
 * Snakebird Complete (App name: 8337d1f975514d35ad0c1176e8a29f26 | Version: Win.1.5)
 * Soulstice (App name: d366ae16e31b41869cf26c6ee309e7f3 | Version: Soulstice_release_live_v1.26)
 * Spirit of the North (App name: d2d941e5c1ec44ae9e87e9e7cdddf1dd | Version: 4.4.0)
 * Surviving the Aftermath (App name: Muscovy | Version: 1.25.0.2775)
 * The Captain (App name: f00b5acabb0f49a7b49e8350d1cd0de0 | Version: 1.1.4_win)
 * The Drone Racing League Simulator (App name: 5cd54ad0ead447738bd9552b3d2a105b | Version: 4.2.ee16.rls.win)
 * The Elder Scrolls Online (App name: 4d0ff75b922447649057c237c0bd1545 | Version: EGSStarter_v2.13_d6_live_public)
 * The Evil Within (App name: 591e049d72b349daa64784a171379357 | Version: 0.0.0.6)
 * The Evil Within 2 (App name: 74977fee80de4e5e9f663e62560a0f2f | Version: 0.0.0.5)
 * The Forest Quartet (App name: dbb0b84f31244c7584490d205b74010c | Version: 4.0.0c)
 * The Outer Worlds: Spacer's Choice Edition (App name: cb3bf7ba89574a66ae3b795e039d4dbc | Version: 0.0.0.6415)
 * theHunter: Call of the Wild™ (App name: 4f0c34d469bb47b2bcf5b377f47ccfe3 | Version: 1.130.2989309)
 * ToeJam & Earl: Back in the Groove! (App name: 37d84dd0b65a40e9b0719141b987a216 | Version: 1.7.3-e)
 * Train Valley 2 (App name: a617890cec1542d6ba760ba13f79225e | Version: 1.7.0.6)
 * Turnip Boy Commits Tax Evasion (App name: 3d34f303a68c44c2a9b44a3988533e90 | Version: 1.1.2f2)
 * VALORANT (App name: 602eb4abc8764c87b7f2607a1ef8c18e | Version: 2609-591)

Total: 76
[5/24/2025, 10:10:38 PM] LEGENDARY_CONFIG_PATH=/home/lennilid/.config/heroic/legendaryConfig/legendary /opt/Heroic/resources/app.asar.unpacked/build/bin/x64/linux/legendary list --third-party
[cli] INFO: Logging in...
[Core] INFO: Trying to re-use existing login session...
[cli] INFO: Getting game list... (this may take a while)

Available games:
 * 20 Minutes Till Dawn (App name: 4656facc740742a39e265b026e13d075 | Version: 1.0-win)
 * Among Us (App name: 963137e4c29d4c79a81323b8fab03a40 | Version: 5739)
 * ARK: Survival Evolved (App name: aafc587fbf654758802c8e41e4fb3255 | Version: 358.26.win)
 * Art of Rally (App name: 01805192c8074820b1257fcfd97f2648 | Version: Windows_1.5.7_202410112311)
 * Black Book (App name: 1d74dcbca79540efb52cab2ff026215f | Version: 1.0.51win64)
 * Bloons TD 6 (App name: 7786b355a13b47a6b3915335117cd0b2 | Version: 48.2.9090)
 * Bus Simulator 21 Next Stop (App name: 0fcb6881984f4e9ab91f5e22e4bf844c | Version: Mainline.68564.34-Shipping)
 * Cat Quest (App name: 051eaac0842c46d7a5a62858ad534d5a | Version: 1.4)
 * Chivalry 2 (App name: Peppermint | Version: 261740+4859)
 * Chivalry 2 - Public Testing (App name: ca02598c9a5c4d5491d6431ce8e8d6e7 | Version: 250491+4716)
 * Cursed to Golf (App name: 077d2507a5fe4073bf0dd69485f425f5 | Version: 2.0.1)
 * Dakar Desert Rally (App name: 4aff63ad39cb4fe7a61720d59a4cebc6 | Version: 2.3.420)
 * Darkwood (App name: 923130ebb546417b9d3115507f752d34 | Version: win64_1.4.2)
 * Dauntless (App name: Jackal | Version: 2.1.1.682875)
 * Deliver Us Mars (App name: 9d943a160fa841859ac5c1f233789fcb | Version: 2.035387)
 * Destiny 2 (App name: 592c359fb0e0413fb46dee2d24448eb4 | Version: 10170608)
 * Discord (App name: 6fbbc765b38c4f2ea3d9a9caa620bae7 | Version: 1.0.9192.win)
 * Dishonored - Definitive Edition (App name: d2da64bd4c4e422da4b1a88041492a3a | Version: 1.6)
 * DNF Duel (App name: 82cdbdf05c61474d89c4f9e8a8bf0ea4 | Version: 1.8.1-0)
 * Dodo Peak (App name: 30647199e65341c2be84d81fa6964ff0 | Version: 1_5_5)
 * Doki Doki Literature Club Plus! (App name: c5109bdceb3a453bb38c2fdc964ddee8 | Version: Windows_1.0.7)
 * Escape Academy (App name: 4237ffc575c94a0e89ef9ab7dd884ad5 | Version: v3.0.6.1)
 * Eternal Threads (App name: ff1d9bf6b1304cb9a12b8754afa78ae5 | Version: 1.07)
 * Europa Universalis IV (App name: da0103e959e54d139d0c109ded3b3672 | Version: eu4-GitlabCI-Build-release_1.37.5-835bfdf8-windows)
  + Europa Universalis IV: Common Sense Expansion Pack (App name: c195b58b0379438bb31a5b99d365d56c | Version: V4_1eefef4174016240e005)
 * Eximius: Seize the Frontline (App name: 70f92598b33d42e290e411f07397aeee | Version: 1.3.0.1122.190)
 * Fall Guys (App name: 0a2d9f6403244d12969e11da6713137b | Version: EGS_10015)
 * Fallout 3: Game of the Year Edition (App name: adeae8bbfc94427db57c7dfecce3f1d4 | Version: 1.11)
 * Fallout: New Vegas (App name: 5daeb974a22a435988892319b3a4f476 | Version: 0.0.0.15)
  + Fallout New Vegas: Courier's Stash (App name: ee9a44b4530942499ef1c8c390731fce | Version: 0.0.0.3)
  + Fallout New Vegas®: Dead Money (App name: b290229eb58045cbab9501640f3278f3 | Version: 0.0.0.2)
  + Fallout New Vegas®: Gun Runners’ Arsenal™ (App name: 7dcfb9cd9d134728b2646466c34c7b3b | Version: 0.0.0.2)
  + Fallout New Vegas®: Honest Hearts (App name: 562d4a2c1b3147b089a7c453e3ddbcbe | Version: 0.0.0.4)
  + Fallout New Vegas®: Lonesome Road™ (App name: 4fa3d8d9b2cb4714a19a38d1a598be8f | Version: 0.0.0.2)
  + Fallout New Vegas®: Old World Blues (App name: c8dae1ab0570475a8b38a9041e614840 | Version: 0.0.0.3)
 * Farming Simulator 22 (App name: f452ea20ae1b43698209998b56c2cc1c | Version: 1.14.0.0_FarmP_1_1_win_b29250_r86546)
 * Fortnite (App name: Fortnite | Version: ++Fortnite+Release-35.10-CL-42906078-Windows)
  + Rocket Racing (App name: 5291abb43ba449859549cb41535e8c8f | Version: 1.02)
  + Unreal Editor for Fortnite (App name: Fortnite_Studio | Version: ++Fortnite+Release-35.10-CL-42906078-Windows)
 * Genshin Impact (App name: 41869934302e4b8cafac2d3c0e7c293d | Version: 101)
 * Ghostwire Tokyo (App name: 007ff8f4e30845a687e66aa77eb3e965 | Version: CL642509-A)
 * Godlike Burger (App name: f7c6294c948b47378659c9a963f449be | Version: 1.0.7.0)
 * Golden Light (App name: 0eeaae41305043f7a465310eb2cbaff9 | Version: 1.0.5)
 * GRIME (App name: 028263f54a874e35800d142275254d2c | Version: 1.3.5)
 * Hell Let Loose (App name: 3e02273b543f4ff0a1c24d3b534a9ac3 | Version: 324.979985)
 * Homeworld Remastered Collection (App name: dcfccf8d965a4f2281dddf9fead042de | Version: 3409635)
 * Homeworld: Deserts of Kharak (App name: c9b51edbca4d496cb39c6871f510620b | Version: 3324007-64)
 * Human Resource Machine (App name: Basil | Version: 1.0.1)
 * Idle Champions of the Forgotten Realms (App name: 40cb42e38c0b4a14a1bb133eb3291572 | Version: IdleDragons624064Live)
 * Infinifactory (App name: c7b3c16f56cb45abbfd915d59fd39689 | Version: 1.0.13)
 * LEGO® Star Wars™: The Skywalker Saga (App name: c390e58246ea4a778acd26473a489b48 | Version: 1.0.1.9)
  + LEGO® Star Wars™: Classic Obi-Wan (App name: 7b40d89dd2cb4f439e00d4ab81188f3b | Version: 1.0.0.3)
 * Line Of Sight. Dynamic mesh. (App name: LineOfSi1543722f05d1V10 | Version: 5.5.0-38382663+++UE5+Dev-Marketplace-Windows)
 * Loop Hero (App name: f7a0ebb44f93430fb1c4388a395eba96 | Version: 11054)
 * LOVE (App name: f99d3d6da3454662913621222037417d | Version: 0005live)
 * Marvel's Guardians of the Galaxy (App name: 63a665088eb1480298f1e57943b225d8 | Version: 2984448)
  + Marvel's Guardians of the Galaxy: Social-Lord Outfit (App name: 9596620d263b40c083ddf1f0c662c8ff | Version: 2978210)
 * Melvor Idle (App name: 7458160f5c18450cad7e95844a5dcdff | Version: 1.0.0-14-x64-sdk)
 * Midnight Ghost Hunt (App name: 456f53b28c384f02865874299f956501 | Version: 1.5.0)
 * Model Builder: Complete Edition (App name: 4a31c45c04e243cc97f3e47bc663fb18 | Version: 1.1.8i)
  + Model Builder: Aether DLC (App name: 574977bf807c4c3cabfe8ab19708205c | Version: 1.1.8i)
  + Model Builder: Alaskan Road Truckers DLC (App name: d94a06ef698942669bd001b2dd0fb3ee | Version: 1.1.8i)
  + Model Builder: Cars Pack DLC (App name: b681fecb34194e8a97ef6d69cbf71ca6 | Version: 1.1.8i)
  + Model Builder: Expansion Pack no.1 (App name: c4e284ae71ed49a285cc00dfce564e03 | Version: 1.1.8i)
  + Model Builder: Frostpunk DLC (App name: 1360dbfe60a04beaab046f50c42f51f0 | Version: 1.1.8i)
  + Model Builder: Into The Stars DLC (App name: b65e183e8f204281b8eb1bbbb6f7a98a | Version: 1.1.8i)
  + Model Builder: Military Pack DLC (App name: 25a83a57cf5f487d98e073b8a92e1f8d | Version: 1.1.8i)
  + Model Builder: The Invincible Helmet (App name: 370325fee5104176a6e5329936656965 | Version: 1.1.8i)
  + Model Builder: Titan-Forge DLC no.1 (App name: 987f387bd9324f1391cc87cd07348bf7 | Version: 1.1.8i)
  + Model Builder: Titan-Forge DLC no.2 (App name: 9c162cd16b7c44b9abfa21296343dfea | Version: 1.1.8i)
 * Mortal Shell (App name: 0055e45ce7654c55aade646467349e83 | Version: 14707)
 * Mortal Shell Tech Beta (App name: f0ac8218ef7d4b5aabec153e3f193db6 | Version: 9674)
 * Orwell: Keeping an Eye on You (App name: 8dac074a82a6492ba969bd38df266e58 | Version: win1.4.9207)
 * Out of Line (App name: 6b994d7f4f2a4e85a54d5c2ede6d2fed | Version: 1.0.5)
 * PAYDAY 2 (App name: 7d6b8784bab94d6cac5fea5ab7bb07a4 | Version: 1.143.246)
 * Rocket League® (App name: Sugar | Version: BC2_Update54+483820)
 * Runbow (App name: 85efb11aaeec4239989113f9a598b372 | Version: Runbow_1.7)
 * Sail Forth (App name: 11ba63f98ce94a38b631104a12c7adab | Version: Win_2025-02-23_16-08-03)
 * Saints Row (App name: Cormorant | Version: Manor_Wrapper_Update_RC1_CL4735700-230829_0259UTC)
 * Severed Steel (App name: 7179f095efcc4f92a950a6d9dbd9c602 | Version: 5.5.0)
 * Shadow of the Tomb Raider: Definitive Edition (App name: 890d9cf396d04922a1559333df419fed | Version: TR11_10072023_492.0_1227914_740629_133334955480774690_)
 * Snakebird Complete (App name: 8337d1f975514d35ad0c1176e8a29f26 | Version: Win.1.5)
 * Soulstice (App name: d366ae16e31b41869cf26c6ee309e7f3 | Version: Soulstice_release_live_v1.26)
 * Spirit of the North (App name: d2d941e5c1ec44ae9e87e9e7cdddf1dd | Version: 4.4.0)
 * Surviving the Aftermath (App name: Muscovy | Version: 1.25.0.2775)
 * The Captain (App name: f00b5acabb0f49a7b49e8350d1cd0de0 | Version: 1.1.4_win)
 * The Drone Racing League Simulator (App name: 5cd54ad0ead447738bd9552b3d2a105b | Version: 4.2.ee16.rls.win)
 * The Elder Scrolls Online (App name: 4d0ff75b922447649057c237c0bd1545 | Version: EGSStarter_v2.13_d6_live_public)
 * The Evil Within (App name: 591e049d72b349daa64784a171379357 | Version: 0.0.0.6)
 * The Evil Within 2 (App name: 74977fee80de4e5e9f663e62560a0f2f | Version: 0.0.0.5)
 * The Forest Quartet (App name: dbb0b84f31244c7584490d205b74010c | Version: 4.0.0c)
 * The Outer Worlds: Spacer's Choice Edition (App name: cb3bf7ba89574a66ae3b795e039d4dbc | Version: 0.0.0.6415)
 * theHunter: Call of the Wild™ (App name: 4f0c34d469bb47b2bcf5b377f47ccfe3 | Version: 1.130.2989309)
 * ToeJam & Earl: Back in the Groove! (App name: 37d84dd0b65a40e9b0719141b987a216 | Version: 1.7.3-e)
 * Train Valley 2 (App name: a617890cec1542d6ba760ba13f79225e | Version: 1.7.0.6)
 * Turnip Boy Commits Tax Evasion (App name: 3d34f303a68c44c2a9b44a3988533e90 | Version: 1.1.2f2)
 * VALORANT (App name: 602eb4abc8764c87b7f2607a1ef8c18e | Version: 2609-591)

Total: 76
[5/24/2025, 10:10:43 PM] HEROIC_APP_NAME=7786b355a13b47a6b3915335117cd0b2 HEROIC_APP_RUNNER=legendary GAMEID=umu-0 HEROIC_APP_SOURCE=epic STORE=egs STEAM_COMPAT_INSTALL_PATH=/home/lennilid/Games/Heroic/BloonsTD6 LD_PRELOAD= STEAM_COMPAT_CLIENT_INSTALL_PATH=/home/lennilid/.steam/steam WINEPREFIX="/home/lennilid/Games/Heroic/Prefixes/default/Bloons TD 6" STEAM_COMPAT_DATA_PATH="/home/lennilid/Games/Heroic/Prefixes/default/Bloons TD 6" PROTONPATH="/home/lennilid/.local/share/Steam/steamapps/common/Proton - Experimental" WINE_FULLSCREEN_FSR=0 PROTON_ENABLE_NVAPI=1 DXVK_NVAPI_ALLOW_OTHER_DRIVERS=1 PROTON_EAC_RUNTIME=/home/lennilid/.config/heroic/tools/runtimes/eac_runtime PROTON_BATTLEYE_RUNTIME=/home/lennilid/.config/heroic/tools/runtimes/battleye_runtime STEAM_COMPAT_APP_ID=0 SteamAppId=0 SteamGameId=heroic-BloonsTD6 PROTON_LOG_DIR=/home/lennilid LEGENDARY_CONFIG_PATH=/home/lennilid/.config/heroic/legendaryConfig/legendary /opt/Heroic/resources/app.asar.unpacked/build/bin/x64/linux/legendary launch 7786b355a13b47a6b3915335117cd0b2 --no-wine --wrapper "/home/lennilid/.config/heroic/tools/runtimes/umu/umu_run.py" --language en
[cli] INFO: Logging in...
[Core] INFO: Trying to re-use existing login session...
[cli] INFO: Checking for updates...
[Core] INFO: Getting authentication token...
[cli] INFO: Launching 7786b355a13b47a6b3915335117cd0b2...
INFO: umu-launcher version 1.2.6 (3.13.3 (main, Apr  9 2025, 07:44:25) [GCC 14.2.1 20250207])
INFO: steamrt3 is up to date
fsync: up and running.
Command exited with status: 0
[5/24/2025, 11:05:03 PM] LEGENDARY_CONFIG_PATH=/home/lennilid/.config/heroic/legendaryConfig/legendary /opt/Heroic/resources/app.asar.unpacked/build/bin/x64/linux/legendary list --third-party
[cli] INFO: Logging in...
[Core] INFO: Trying to re-use existing login session...
[cli] INFO: Getting game list... (this may take a while)

Available games:
 * 20 Minutes Till Dawn (App name: 4656facc740742a39e265b026e13d075 | Version: 1.0-win)
 * Among Us (App name: 963137e4c29d4c79a81323b8fab03a40 | Version: 5739)
 * ARK: Survival Evolved (App name: aafc587fbf654758802c8e41e4fb3255 | Version: 358.26.win)
 * Art of Rally (App name: 01805192c8074820b1257fcfd97f2648 | Version: Windows_1.5.7_202410112311)
 * Black Book (App name: 1d74dcbca79540efb52cab2ff026215f | Version: 1.0.51win64)
 * Bloons TD 6 (App name: 7786b355a13b47a6b3915335117cd0b2 | Version: 48.2.9090)
 * Bus Simulator 21 Next Stop (App name: 0fcb6881984f4e9ab91f5e22e4bf844c | Version: Mainline.68564.34-Shipping)
 * Cat Quest (App name: 051eaac0842c46d7a5a62858ad534d5a | Version: 1.4)
 * Chivalry 2 (App name: Peppermint | Version: 261740+4859)
 * Chivalry 2 - Public Testing (App name: ca02598c9a5c4d5491d6431ce8e8d6e7 | Version: 250491+4716)
 * Cursed to Golf (App name: 077d2507a5fe4073bf0dd69485f425f5 | Version: 2.0.1)
 * Dakar Desert Rally (App name: 4aff63ad39cb4fe7a61720d59a4cebc6 | Version: 2.3.420)
 * Darkwood (App name: 923130ebb546417b9d3115507f752d34 | Version: win64_1.4.2)
 * Dauntless (App name: Jackal | Version: 2.1.1.682875)
 * Deliver Us Mars (App name: 9d943a160fa841859ac5c1f233789fcb | Version: 2.035387)
 * Destiny 2 (App name: 592c359fb0e0413fb46dee2d24448eb4 | Version: 10170608)
 * Discord (App name: 6fbbc765b38c4f2ea3d9a9caa620bae7 | Version: 1.0.9192.win)
 * Dishonored - Definitive Edition (App name: d2da64bd4c4e422da4b1a88041492a3a | Version: 1.6)
 * DNF Duel (App name: 82cdbdf05c61474d89c4f9e8a8bf0ea4 | Version: 1.8.1-0)
 * Dodo Peak (App name: 30647199e65341c2be84d81fa6964ff0 | Version: 1_5_5)
 * Doki Doki Literature Club Plus! (App name: c5109bdceb3a453bb38c2fdc964ddee8 | Version: Windows_1.0.7)
 * Escape Academy (App name: 4237ffc575c94a0e89ef9ab7dd884ad5 | Version: v3.0.6.1)
 * Eternal Threads (App name: ff1d9bf6b1304cb9a12b8754afa78ae5 | Version: 1.07)
 * Europa Universalis IV (App name: da0103e959e54d139d0c109ded3b3672 | Version: eu4-GitlabCI-Build-release_1.37.5-835bfdf8-windows)
  + Europa Universalis IV: Common Sense Expansion Pack (App name: c195b58b0379438bb31a5b99d365d56c | Version: V4_1eefef4174016240e005)
 * Eximius: Seize the Frontline (App name: 70f92598b33d42e290e411f07397aeee | Version: 1.3.0.1122.190)
 * Fall Guys (App name: 0a2d9f6403244d12969e11da6713137b | Version: EGS_10015)
 * Fallout 3: Game of the Year Edition (App name: adeae8bbfc94427db57c7dfecce3f1d4 | Version: 1.11)
 * Fallout: New Vegas (App name: 5daeb974a22a435988892319b3a4f476 | Version: 0.0.0.15)
  + Fallout New Vegas: Courier's Stash (App name: ee9a44b4530942499ef1c8c390731fce | Version: 0.0.0.3)
  + Fallout New Vegas®: Dead Money (App name: b290229eb58045cbab9501640f3278f3 | Version: 0.0.0.2)
  + Fallout New Vegas®: Gun Runners’ Arsenal™ (App name: 7dcfb9cd9d134728b2646466c34c7b3b | Version: 0.0.0.2)
  + Fallout New Vegas®: Honest Hearts (App name: 562d4a2c1b3147b089a7c453e3ddbcbe | Version: 0.0.0.4)
  + Fallout New Vegas®: Lonesome Road™ (App name: 4fa3d8d9b2cb4714a19a38d1a598be8f | Version: 0.0.0.2)
  + Fallout New Vegas®: Old World Blues (App name: c8dae1ab0570475a8b38a9041e614840 | Version: 0.0.0.3)
 * Farming Simulator 22 (App name: f452ea20ae1b43698209998b56c2cc1c | Version: 1.14.0.0_FarmP_1_1_win_b29250_r86546)
 * Fortnite (App name: Fortnite | Version: ++Fortnite+Release-35.10-CL-42906078-Windows)
  + Rocket Racing (App name: 5291abb43ba449859549cb41535e8c8f | Version: 1.02)
  + Unreal Editor for Fortnite (App name: Fortnite_Studio | Version: ++Fortnite+Release-35.10-CL-42906078-Windows)
 * Genshin Impact (App name: 41869934302e4b8cafac2d3c0e7c293d | Version: 101)
 * Ghostwire Tokyo (App name: 007ff8f4e30845a687e66aa77eb3e965 | Version: CL642509-A)
 * Godlike Burger (App name: f7c6294c948b47378659c9a963f449be | Version: 1.0.7.0)
 * Golden Light (App name: 0eeaae41305043f7a465310eb2cbaff9 | Version: 1.0.5)
 * GRIME (App name: 028263f54a874e35800d142275254d2c | Version: 1.3.5)
 * Hell Let Loose (App name: 3e02273b543f4ff0a1c24d3b534a9ac3 | Version: 324.979985)
 * Homeworld Remastered Collection (App name: dcfccf8d965a4f2281dddf9fead042de | Version: 3409635)
 * Homeworld: Deserts of Kharak (App name: c9b51edbca4d496cb39c6871f510620b | Version: 3324007-64)
 * Human Resource Machine (App name: Basil | Version: 1.0.1)
 * Idle Champions of the Forgotten Realms (App name: 40cb42e38c0b4a14a1bb133eb3291572 | Version: IdleDragons624064Live)
 * Infinifactory (App name: c7b3c16f56cb45abbfd915d59fd39689 | Version: 1.0.13)
 * LEGO® Star Wars™: The Skywalker Saga (App name: c390e58246ea4a778acd26473a489b48 | Version: 1.0.1.9)
  + LEGO® Star Wars™: Classic Obi-Wan (App name: 7b40d89dd2cb4f439e00d4ab81188f3b | Version: 1.0.0.3)
 * Line Of Sight. Dynamic mesh. (App name: LineOfSi1543722f05d1V10 | Version: 5.5.0-38382663+++UE5+Dev-Marketplace-Windows)
 * Loop Hero (App name: f7a0ebb44f93430fb1c4388a395eba96 | Version: 11054)
 * LOVE (App name: f99d3d6da3454662913621222037417d | Version: 0005live)
 * Marvel's Guardians of the Galaxy (App name: 63a665088eb1480298f1e57943b225d8 | Version: 2984448)
  + Marvel's Guardians of the Galaxy: Social-Lord Outfit (App name: 9596620d263b40c083ddf1f0c662c8ff | Version: 2978210)
 * Melvor Idle (App name: 7458160f5c18450cad7e95844a5dcdff | Version: 1.0.0-14-x64-sdk)
 * Midnight Ghost Hunt (App name: 456f53b28c384f02865874299f956501 | Version: 1.5.0)
 * Model Builder: Complete Edition (App name: 4a31c45c04e243cc97f3e47bc663fb18 | Version: 1.1.8i)
  + Model Builder: Aether DLC (App name: 574977bf807c4c3cabfe8ab19708205c | Version: 1.1.8i)
  + Model Builder: Alaskan Road Truckers DLC (App name: d94a06ef698942669bd001b2dd0fb3ee | Version: 1.1.8i)
  + Model Builder: Cars Pack DLC (App name: b681fecb34194e8a97ef6d69cbf71ca6 | Version: 1.1.8i)
  + Model Builder: Expansion Pack no.1 (App name: c4e284ae71ed49a285cc00dfce564e03 | Version: 1.1.8i)
  + Model Builder: Frostpunk DLC (App name: 1360dbfe60a04beaab046f50c42f51f0 | Version: 1.1.8i)
  + Model Builder: Into The Stars DLC (App name: b65e183e8f204281b8eb1bbbb6f7a98a | Version: 1.1.8i)
  + Model Builder: Military Pack DLC (App name: 25a83a57cf5f487d98e073b8a92e1f8d | Version: 1.1.8i)
  + Model Builder: The Invincible Helmet (App name: 370325fee5104176a6e5329936656965 | Version: 1.1.8i)
  + Model Builder: Titan-Forge DLC no.1 (App name: 987f387bd9324f1391cc87cd07348bf7 | Version: 1.1.8i)
  + Model Builder: Titan-Forge DLC no.2 (App name: 9c162cd16b7c44b9abfa21296343dfea | Version: 1.1.8i)
 * Mortal Shell (App name: 0055e45ce7654c55aade646467349e83 | Version: 14707)
 * Mortal Shell Tech Beta (App name: f0ac8218ef7d4b5aabec153e3f193db6 | Version: 9674)
 * Orwell: Keeping an Eye on You (App name: 8dac074a82a6492ba969bd38df266e58 | Version: win1.4.9207)
 * Out of Line (App name: 6b994d7f4f2a4e85a54d5c2ede6d2fed | Version: 1.0.5)
 * PAYDAY 2 (App name: 7d6b8784bab94d6cac5fea5ab7bb07a4 | Version: 1.143.246)
 * Rocket League® (App name: Sugar | Version: BC2_Update54+483820)
 * Runbow (App name: 85efb11aaeec4239989113f9a598b372 | Version: Runbow_1.7)
 * Sail Forth (App name: 11ba63f98ce94a38b631104a12c7adab | Version: Win_2025-02-23_16-08-03)
 * Saints Row (App name: Cormorant | Version: Manor_Wrapper_Update_RC1_CL4735700-230829_0259UTC)
 * Severed Steel (App name: 7179f095efcc4f92a950a6d9dbd9c602 | Version: 5.5.0)
 * Shadow of the Tomb Raider: Definitive Edition (App name: 890d9cf396d04922a1559333df419fed | Version: TR11_10072023_492.0_1227914_740629_133334955480774690_)
 * Snakebird Complete (App name: 8337d1f975514d35ad0c1176e8a29f26 | Version: Win.1.5)
 * Soulstice (App name: d366ae16e31b41869cf26c6ee309e7f3 | Version: Soulstice_release_live_v1.26)
 * Spirit of the North (App name: d2d941e5c1ec44ae9e87e9e7cdddf1dd | Version: 4.4.0)
 * Surviving the Aftermath (App name: Muscovy | Version: 1.25.0.2775)
 * The Captain (App name: f00b5acabb0f49a7b49e8350d1cd0de0 | Version: 1.1.4_win)
 * The Drone Racing League Simulator (App name: 5cd54ad0ead447738bd9552b3d2a105b | Version: 4.2.ee16.rls.win)
 * The Elder Scrolls Online (App name: 4d0ff75b922447649057c237c0bd1545 | Version: EGSStarter_v2.13_d6_live_public)
 * The Evil Within (App name: 591e049d72b349daa64784a171379357 | Version: 0.0.0.6)
 * The Evil Within 2 (App name: 74977fee80de4e5e9f663e62560a0f2f | Version: 0.0.0.5)
 * The Forest Quartet (App name: dbb0b84f31244c7584490d205b74010c | Version: 4.0.0c)
 * The Outer Worlds: Spacer's Choice Edition (App name: cb3bf7ba89574a66ae3b795e039d4dbc | Version: 0.0.0.6415)
 * theHunter: Call of the Wild™ (App name: 4f0c34d469bb47b2bcf5b377f47ccfe3 | Version: 1.130.2989309)
 * ToeJam & Earl: Back in the Groove! (App name: 37d84dd0b65a40e9b0719141b987a216 | Version: 1.7.3-e)
 * Train Valley 2 (App name: a617890cec1542d6ba760ba13f79225e | Version: 1.7.0.6)
 * Turnip Boy Commits Tax Evasion (App name: 3d34f303a68c44c2a9b44a3988533e90 | Version: 1.1.2f2)
 * VALORANT (App name: 602eb4abc8764c87b7f2607a1ef8c18e | Version: 2609-591)

Total: 76
