Launching "Bloons TD 6" (legendary)
Native? No
Installed in: /home/lennilid/Games/Heroic/BloonsTD6

System Info:
CPU: 12x AMD Ryzen 5 5600X 6-Core Processor
Memory: 16.69 GB (used: 3.66 GB)
GPUs:
  GPU 0:
    Name: NVIDIA Corporation GA104 [GeForce RTX 3060 Ti Lite Hash Rate]
    IDs: D=2489 V=10de SD=153c SV=10de
    Driver: nvidia
OS: Manjaro Linux 6.12.28-1-MANJARO (linux)

The current system is not a Steam Deck
We are not running inside a Flatpak container

Software Versions:
  Heroic: 2.17.0 Cutty Flam Franky
  Legendary: 0.20.37 Exit 17 (Heroic)
  gogdl: 1.1.2
  comet: comet 0.2.0
  Nile: 1.1.2 Will A. Zeppeli

Game Settings: {
	"autoInstallDxvkNvapi": true,
	"preferSystemLibs": false,
	"enableEsync": true,
	"enableFsync": true,
	"nvidiaPrime": false,
	"enviromentOptions": [],
	"wrapperOptions": [],
	"showFps": false,
	"useGameMode": false,
	"battlEyeRuntime": true,
	"eacRuntime": true,
	"language": "",
	"beforeLaunchScriptPath": "",
	"afterLaunchScriptPath": "",
	"verboseLogs": false,
	"wineVersion": {
		"bin": "/home/lennilid/.local/share/Steam/steamapps/common/Proton - Experimental/proton",
		"name": "Proton - Proton - Experimental",
		"type": "proton"
	},
	"winePrefix": "/home/lennilid/Games/Heroic/Prefixes/default/Bloons TD 6"
}

Game launched at: Sun May 25 2025 15:22:00 GMT+0200 (Central European Summer Time)

Winetricks packages: 

Launch Command: HEROIC_APP_NAME=7786b355a13b47a6b3915335117cd0b2 HEROIC_APP_RUNNER=legendary GAMEID=umu-0 HEROIC_APP_SOURCE=epic STORE=egs STEAM_COMPAT_INSTALL_PATH=/home/lennilid/Games/Heroic/BloonsTD6 LD_PRELOAD= STEAM_COMPAT_CLIENT_INSTALL_PATH=/home/lennilid/.steam/steam WINEPREFIX="/home/lennilid/Games/Heroic/Prefixes/default/Bloons TD 6" STEAM_COMPAT_DATA_PATH="/home/lennilid/Games/Heroic/Prefixes/default/Bloons TD 6" PROTONPATH="/home/lennilid/.local/share/Steam/steamapps/common/Proton - Experimental" WINE_FULLSCREEN_FSR=0 PROTON_ENABLE_NVAPI=1 DXVK_NVAPI_ALLOW_OTHER_DRIVERS=1 PROTON_EAC_RUNTIME=/home/lennilid/.config/heroic/tools/runtimes/eac_runtime PROTON_BATTLEYE_RUNTIME=/home/lennilid/.config/heroic/tools/runtimes/battleye_runtime STEAM_COMPAT_APP_ID=0 SteamAppId=0 SteamGameId=heroic-BloonsTD6 PROTON_LOG_DIR=/home/lennilid /opt/Heroic/resources/app.asar.unpacked/build/bin/x64/linux/legendary launch 7786b355a13b47a6b3915335117cd0b2 --no-wine --wrapper "/home/lennilid/.config/heroic/tools/runtimes/umu/umu_run.py" --language en

Game Log:
IMPORTANT: Logs are disabled.
Enable verbose logs in Game's settings > Advanced tab > 'Enable verbose logs' before reporting an issue.

============= End of log =============