[2025-Mar-09 14:02:32.922 +01:00][ 7644: 7644][info ] Logging initialized
[2025-Mar-09 14:04:28.204 +01:00][ 9330: 9330][info ] Logging initialized
[2025-Mar-09 14:04:30.084 +01:00][ 9330: 9330][info ] Logging initialized
[2025-Mar-09 14:10:36.812 +01:00][ 9330: 9330][info ] Logging initialized
[2025-Mar-09 14:12:27.131 +01:00][ 9330: 9330][info ] Logging initialized
[2025-Mar-09 14:34:44.440 +01:00][ 2861: 2861][info ] Logging initialized
[2025-Mar-09 14:42:03.774 +01:00][ 3081: 3081][info ] Logging initialized
[2025-Mar-09 14:48:00.639 +01:00][ 3060: 3060][info ] Logging initialized
[2025-Mar-09 22:57:14.073 +01:00][ 3220: 3220][info ] Logging initialized
[2025-Mar-10 07:09:04.425 +01:00][ 4088: 4088][info ] Logging initialized
[2025-Mar-10 07:12:51.859 +01:00][ 4088: 4088][info ] Logging initialized
[2025-Mar-10 14:15:43.661 +01:00][ 3354: 3354][info ] Logging initialized
[2025-Mar-10 15:15:14.066 +01:00][ 3353: 3353][info ] Logging initialized
[2025-Mar-10 16:45:10.469 +01:00][ 3396: 3396][info ] Logging initialized
[2025-Mar-10 16:56:17.099 +01:00][ 3123: 3123][info ] Logging initialized
[2025-Mar-10 17:00:17.460 +01:00][ 3145: 3145][info ] Logging initialized
[2025-Mar-10 17:02:35.108 +01:00][ 3367: 3367][info ] Logging initialized
[2025-Mar-10 17:04:07.741 +01:00][ 3359: 3359][info ] Logging initialized
[2025-Mar-10 20:40:06.416 +01:00][ 3369: 3369][info ] Logging initialized
[2025-Mar-11 13:27:03.650 +01:00][ 5662: 5662][info ] Logging initialized
[2025-Mar-11 13:28:49.685 +01:00][ 6788: 6788][info ] Logging initialized
[2025-Mar-11 15:21:26.992 +01:00][ 3367: 3367][info ] Logging initialized
[2025-Mar-11 15:30:04.768 +01:00][ 3372: 3372][info ] Logging initialized
[2025-Mar-11 15:32:35.004 +01:00][ 3374: 3374][info ] Logging initialized
[2025-Mar-11 17:35:35.058 +01:00][ 3362: 3362][info ] Logging initialized
[2025-Mar-11 17:45:48.564 +01:00][ 3385: 3385][info ] Logging initialized
[2025-Mar-11 17:48:25.612 +01:00][ 3383: 3383][info ] Logging initialized
[2025-Mar-11 18:47:39.115 +01:00][ 3381: 3381][info ] Logging initialized
[2025-Mar-11 18:50:32.841 +01:00][ 3380: 3380][info ] Logging initialized
[2025-Mar-11 18:53:03.518 +01:00][ 3345: 3345][info ] Logging initialized
[2025-Mar-11 21:44:29.649 +01:00][ 3391: 3391][info ] Logging initialized
[2025-Mar-11 21:47:29.946 +01:00][ 3413: 3413][info ] Logging initialized
[2025-Mar-12 14:58:52.536 +01:00][ 3484: 3484][info ] Logging initialized
[2025-Mar-12 15:08:16.448 +01:00][ 3387: 3387][info ] Logging initialized
[2025-Mar-12 15:34:08.377 +01:00][ 3467: 3467][info ] Logging initialized
[2025-Mar-12 20:39:23.864 +01:00][ 3445: 3445][info ] Logging initialized
[2025-Mar-13 14:35:27.456 +01:00][ 3592: 3592][info ] Logging initialized
[2025-Mar-13 16:13:49.829 +01:00][ 3391: 3391][info ] Logging initialized
[2025-Mar-14 14:39:59.316 +01:00][ 3480: 3480][info ] Logging initialized
[2025-Mar-14 18:40:14.393 +01:00][ 3392: 3392][info ] Logging initialized
[2025-Mar-14 19:45:02.886 +01:00][ 3420: 3420][info ] Logging initialized
[2025-Mar-14 19:47:34.951 +01:00][ 3418: 3418][info ] Logging initialized
[2025-Mar-14 19:49:08.128 +01:00][ 3414: 3414][info ] Logging initialized
[2025-Mar-14 19:54:47.943 +01:00][ 3415: 3415][info ] Logging initialized
[2025-Mar-14 19:57:14.255 +01:00][ 3400: 3400][info ] Logging initialized
[2025-Mar-14 19:59:19.998 +01:00][ 3399: 3399][info ] Logging initialized
[2025-Mar-14 20:03:21.521 +01:00][ 3402: 3402][info ] Logging initialized
[2025-Mar-14 20:07:15.161 +01:00][ 3426: 3426][info ] Logging initialized
[2025-Mar-14 20:10:22.115 +01:00][ 3392: 3392][info ] Logging initialized
[2025-Mar-14 20:13:19.768 +01:00][ 5413: 5413][info ] Logging initialized
[2025-Mar-14 20:14:37.217 +01:00][ 3399: 3399][info ] Logging initialized
[2025-Mar-14 20:15:45.477 +01:00][ 5382: 5382][info ] Logging initialized
[2025-Mar-14 20:16:40.498 +01:00][ 3400: 3400][info ] Logging initialized
[2025-Mar-14 20:17:11.223 +01:00][ 5328: 5328][info ] Logging initialized
[2025-Mar-14 20:18:27.524 +01:00][ 3396: 3396][info ] Logging initialized
[2025-Mar-14 20:23:29.978 +01:00][ 3382: 3382][info ] Logging initialized
[2025-Mar-14 20:35:34.269 +01:00][ 3401: 3401][info ] Logging initialized
[2025-Mar-14 21:30:28.040 +01:00][175765:175765][info ] Logging initialized
[2025-Mar-14 21:33:54.160 +01:00][ 3475: 3475][info ] Logging initialized
[2025-Mar-14 21:38:54.720 +01:00][ 3449: 3449][info ] Logging initialized
[2025-Mar-14 21:58:46.454 +01:00][ 3385: 3385][info ] Logging initialized
[2025-Mar-14 22:02:22.405 +01:00][ 3376: 3376][info ] Logging initialized
[2025-Mar-15 14:25:46.238 +01:00][ 3282: 3282][info ] Logging initialized
[2025-Mar-15 14:46:59.663 +01:00][ 3395: 3395][info ] Logging initialized
[2025-Mar-15 14:52:24.198 +01:00][ 3409: 3409][info ] Logging initialized
[2025-Mar-15 15:02:43.397 +01:00][ 3437: 3437][info ] Logging initialized
[2025-Mar-15 15:05:37.030 +01:00][ 3507: 3507][info ] Logging initialized
[2025-Mar-15 15:10:08.354 +01:00][ 3413: 3413][info ] Logging initialized
[2025-Mar-15 23:39:14.671 +01:00][ 3619: 3619][info ] Logging initialized
[2025-Mar-16 00:08:05.043 +01:00][ 3696: 3696][info ] Logging initialized
[2025-Mar-16 12:44:43.035 +01:00][ 3516: 3516][info ] Logging initialized
[2025-Mar-17 16:20:05.934 +01:00][ 3582: 3582][info ] Logging initialized
[2025-Mar-17 20:39:00.919 +01:00][ 3566: 3566][info ] Logging initialized
[2025-Mar-18 12:06:39.224 +01:00][ 3479: 3479][info ] Logging initialized
[2025-Mar-18 19:25:26.882 +01:00][ 3710: 3710][info ] Logging initialized
[2025-Mar-18 21:51:59.480 +01:00][ 3599: 3599][info ] Logging initialized
[2025-Mar-19 17:36:31.944 +01:00][ 3472: 3472][info ] Logging initialized
[2025-Mar-19 21:05:16.680 +01:00][ 3566: 3566][info ] Logging initialized
[2025-Mar-20 17:26:04.790 +01:00][ 3550: 3550][info ] Logging initialized
[2025-Mar-21 13:29:46.747 +01:00][ 3458: 3458][info ] Logging initialized
[2025-Mar-22 13:29:27.387 +01:00][ 3561: 3561][info ] Logging initialized
[2025-Mar-23 13:34:14.271 +01:00][ 3539: 3539][info ] Logging initialized
[2025-Mar-23 22:18:15.630 +01:00][ 3596: 3596][info ] Logging initialized
[2025-Mar-24 14:54:22.796 +01:00][ 3582: 3582][info ] Logging initialized
[2025-Mar-24 20:23:41.439 +01:00][ 5482: 5482][info ] Logging initialized
[2025-Mar-24 20:24:33.121 +01:00][ 6613: 6613][info ] Logging initialized
[2025-Mar-25 11:45:52.984 +01:00][ 3597: 3597][info ] Logging initialized
[2025-Mar-25 16:44:42.941 +01:00][ 3602: 3602][info ] Logging initialized
[2025-Mar-26 15:21:36.973 +01:00][ 3586: 3586][info ] Logging initialized
[2025-Mar-26 20:29:15.859 +01:00][ 3494: 3494][info ] Logging initialized
[2025-Mar-27 14:33:37.446 +01:00][ 3602: 3602][info ] Logging initialized
[2025-Mar-27 22:01:18.251 +01:00][ 4612: 4612][info ] Logging initialized
[2025-Mar-28 16:08:04.506 +01:00][ 3763: 3763][info ] Logging initialized
[2025-Mar-28 16:13:00.080 +01:00][ 3600: 3600][info ] Logging initialized
[2025-Mar-29 13:37:40.789 +01:00][ 3521: 3521][info ] Logging initialized
[2025-Mar-29 17:52:13.317 +01:00][ 3593: 3593][info ] Logging initialized
[2025-Mar-30 13:32:04.554 +02:00][ 3624: 3624][info ] Logging initialized
[2025-Mar-31 00:50:39.002 +02:00][ 3529: 3529][info ] Logging initialized
[2025-Mar-31 20:43:03.721 +02:00][ 6360: 6360][info ] Logging initialized
[2025-Apr-01 14:59:12.868 +02:00][ 3594: 3594][info ] Logging initialized
[2025-Apr-01 15:16:42.539 +02:00][ 3595: 3595][info ] Logging initialized
[2025-Apr-01 15:24:02.256 +02:00][ 3591: 3591][info ] Logging initialized
[2025-Apr-01 18:37:27.113 +02:00][ 3577: 3577][info ] Logging initialized
[2025-Apr-01 21:23:22.094 +02:00][21638:21638][info ] Logging initialized
[2025-Apr-02 16:08:36.532 +02:00][ 3587: 3587][info ] Logging initialized
[2025-Apr-02 16:10:07.668 +02:00][ 3589: 3589][info ] Logging initialized
[2025-Apr-02 20:54:56.672 +02:00][ 3596: 3596][info ] Logging initialized
[2025-Apr-03 16:38:00.786 +02:00][ 3604: 3604][info ] Logging initialized
[2025-Apr-03 19:44:10.546 +02:00][ 3580: 3580][info ] Logging initialized
[2025-Apr-04 15:50:33.699 +02:00][ 3583: 3583][info ] Logging initialized
[2025-Apr-04 16:23:19.617 +02:00][ 3626: 3626][info ] Logging initialized
[2025-Apr-05 18:22:13.036 +02:00][ 3706: 3706][info ] Logging initialized
[2025-Apr-05 21:57:23.833 +02:00][ 3603: 3603][info ] Logging initialized
[2025-Apr-05 22:08:07.294 +02:00][ 3590: 3590][info ] Logging initialized
[2025-Apr-05 22:31:25.863 +02:00][ 3612: 3612][info ] Logging initialized
[2025-Apr-06 13:30:16.580 +02:00][ 3613: 3613][info ] Logging initialized
[2025-Apr-07 15:13:36.203 +02:00][ 3607: 3607][info ] Logging initialized
[2025-Apr-07 15:21:04.831 +02:00][ 3607: 3607][info ] Logging initialized
[2025-Apr-07 20:25:25.922 +02:00][ 3792: 3792][info ] Logging initialized
[2025-Apr-08 13:06:32.346 +02:00][ 3614: 3614][info ] Logging initialized
[2025-Apr-08 16:23:20.387 +02:00][ 3610: 3610][info ] Logging initialized
[2025-Apr-08 21:58:51.357 +02:00][ 3610: 3610][info ] Logging initialized
[2025-Apr-09 17:39:47.699 +02:00][ 3629: 3629][info ] Logging initialized
[2025-Apr-10 15:43:45.154 +02:00][ 3530: 3530][info ] Logging initialized
[2025-Apr-10 15:46:38.573 +02:00][ 3607: 3607][info ] Logging initialized
[2025-Apr-10 15:47:52.610 +02:00][ 3598: 3598][info ] Logging initialized
[2025-Apr-10 15:52:42.506 +02:00][ 3623: 3623][info ] Logging initialized
[2025-Apr-10 22:00:27.967 +02:00][29192:29192][info ] Logging initialized
[2025-Apr-11 16:11:32.640 +02:00][ 3651: 3651][info ] Logging initialized
[2025-Apr-12 19:39:51.744 +02:00][ 3539: 3539][info ] Logging initialized
[2025-Apr-13 01:21:10.488 +02:00][ 3605: 3605][info ] Logging initialized
[2025-Apr-13 16:25:16.908 +02:00][ 3509: 3509][info ] Logging initialized
[2025-Apr-13 18:33:15.674 +02:00][ 3531: 3531][info ] Logging initialized
[2025-Apr-14 13:25:14.744 +02:00][ 3584: 3584][info ] Logging initialized
[2025-Apr-15 13:52:07.524 +02:00][ 5710: 5710][info ] Logging initialized
[2025-Apr-16 11:08:29.776 +02:00][ 5610: 5610][info ] Logging initialized
[2025-Apr-16 11:09:06.969 +02:00][ 6478: 6478][info ] Logging initialized
[2025-Apr-16 11:09:49.438 +02:00][ 7257: 7257][info ] Logging initialized
[2025-Apr-16 16:44:48.719 +02:00][ 3689: 3689][info ] Logging initialized
[2025-Apr-16 16:50:16.475 +02:00][ 3674: 3674][info ] Logging initialized
[2025-Apr-16 20:30:55.326 +02:00][ 3701: 3701][info ] Logging initialized
[2025-Apr-17 18:53:45.607 +02:00][ 3690: 3690][info ] Logging initialized
[2025-Apr-17 21:11:20.510 +02:00][13243:13243][info ] Logging initialized
[2025-Apr-17 23:12:04.624 +02:00][ 3704: 3704][info ] Logging initialized
[2025-Apr-18 00:56:46.706 +02:00][ 3702: 3702][info ] Logging initialized
[2025-Apr-18 15:09:33.526 +02:00][ 3692: 3692][info ] Logging initialized
[2025-Apr-18 17:35:49.591 +02:00][ 3698: 3698][info ] Logging initialized
[2025-Apr-18 18:54:47.226 +02:00][ 3675: 3675][info ] Logging initialized
[2025-Apr-18 22:28:57.756 +02:00][ 3691: 3691][info ] Logging initialized
[2025-Apr-18 23:27:45.072 +02:00][ 3690: 3690][info ] Logging initialized
[2025-Apr-19 03:34:53.322 +02:00][ 3694: 3694][info ] Logging initialized
[2025-Apr-19 14:14:43.149 +02:00][ 3706: 3706][info ] Logging initialized
[2025-Apr-19 14:42:30.982 +02:00][ 3692: 3692][info ] Logging initialized
[2025-Apr-20 14:37:33.852 +02:00][ 3589: 3589][info ] Logging initialized
[2025-Apr-20 17:36:44.526 +02:00][ 3683: 3683][info ] Logging initialized
[2025-Apr-21 18:04:31.568 +02:00][ 3678: 3678][info ] Logging initialized
[2025-Apr-21 20:05:07.777 +02:00][13883:13883][info ] Logging initialized
[2025-Apr-22 15:22:50.251 +02:00][ 3681: 3681][info ] Logging initialized
[2025-Apr-23 00:19:53.338 +02:00][ 3787: 3787][info ] Logging initialized
[2025-Apr-23 01:58:19.477 +02:00][17480:17480][info ] Logging initialized
[2025-Apr-23 14:08:03.209 +02:00][ 3570: 3570][info ] Logging initialized
[2025-Apr-23 20:17:59.205 +02:00][ 3713: 3713][info ] Logging initialized
[2025-Apr-24 14:00:12.389 +02:00][ 3721: 3721][info ] Logging initialized
[2025-Apr-24 17:08:21.982 +02:00][ 3719: 3719][info ] Logging initialized
[2025-Apr-25 13:53:28.698 +02:00][ 3708: 3708][info ] Logging initialized
[2025-Apr-25 13:59:57.464 +02:00][ 5635: 5635][info ] Logging initialized
[2025-Apr-25 17:07:54.320 +02:00][ 4728: 4728][info ] Logging initialized
[2025-Apr-26 12:47:23.401 +02:00][ 3636: 3636][info ] Logging initialized
[2025-Apr-26 15:46:19.337 +02:00][ 3757: 3757][info ] Logging initialized
[2025-Apr-26 16:43:24.797 +02:00][ 3719: 3719][info ] Logging initialized
[2025-Apr-27 16:25:24.655 +02:00][ 3669: 3669][info ] Logging initialized
[2025-Apr-27 20:21:30.913 +02:00][ 3738: 3738][info ] Logging initialized
[2025-Apr-27 20:28:02.629 +02:00][ 5867: 5867][info ] Logging initialized
[2025-Apr-28 15:32:57.898 +02:00][ 3799: 3799][info ] Logging initialized
[2025-Apr-28 16:45:11.072 +02:00][ 4136: 4136][info ] Logging initialized
[2025-Apr-28 17:49:07.579 +02:00][ 3537: 3537][info ] Logging initialized
[2025-Apr-28 17:56:13.012 +02:00][ 3549: 3549][info ] Logging initialized
[2025-Apr-28 18:03:23.065 +02:00][ 3561: 3561][info ] Logging initialized
[2025-Apr-28 20:39:45.193 +02:00][ 3565: 3565][info ] Logging initialized
[2025-Apr-28 20:43:40.588 +02:00][ 3552: 3552][info ] Logging initialized
[2025-Apr-28 20:49:07.206 +02:00][ 3557: 3557][info ] Logging initialized
[2025-Apr-28 20:52:24.290 +02:00][ 3560: 3560][info ] Logging initialized
[2025-Apr-28 21:34:04.738 +02:00][ 3554: 3554][info ] Logging initialized
[2025-Apr-28 21:41:17.695 +02:00][ 3559: 3559][info ] Logging initialized
[2025-Apr-28 21:42:56.652 +02:00][ 3561: 3561][info ] Logging initialized
[2025-Apr-28 21:55:25.177 +02:00][ 3546: 3546][info ] Logging initialized
[2025-Apr-28 21:58:01.274 +02:00][ 3557: 3557][info ] Logging initialized
[2025-Apr-28 22:00:10.838 +02:00][ 3575: 3575][info ] Logging initialized
[2025-Apr-28 22:12:24.130 +02:00][ 3550: 3550][info ] Logging initialized
[2025-Apr-28 22:15:18.510 +02:00][ 3553: 3553][info ] Logging initialized
[2025-Apr-28 22:21:37.241 +02:00][ 3559: 3559][info ] Logging initialized
[2025-Apr-28 22:30:24.381 +02:00][ 3558: 3558][info ] Logging initialized
[2025-Apr-28 22:32:20.372 +02:00][ 3576: 3576][info ] Logging initialized
[2025-Apr-28 22:37:31.981 +02:00][ 3715: 3715][info ] Logging initialized
[2025-Apr-28 22:46:32.583 +02:00][ 3708: 3708][info ] Logging initialized
[2025-Apr-28 22:52:02.137 +02:00][ 3728: 3728][info ] Logging initialized
[2025-Apr-28 22:55:04.416 +02:00][ 3700: 3700][info ] Logging initialized
[2025-Apr-28 22:59:00.791 +02:00][ 3722: 3722][info ] Logging initialized
[2025-Apr-29 15:03:46.484 +02:00][ 3806: 3806][info ] Logging initialized
[2025-Apr-29 15:13:12.612 +02:00][ 3730: 3730][info ] Logging initialized
[2025-Apr-29 17:59:21.276 +02:00][ 3734: 3734][info ] Logging initialized
[2025-Apr-30 17:35:04.453 +02:00][ 4625: 4625][info ] Logging initialized
[2025-Apr-30 20:39:55.108 +02:00][ 3821: 3821][info ] Logging initialized
[2025-Apr-30 20:43:47.696 +02:00][ 3822: 3822][info ] Logging initialized
[2025-Apr-30 21:09:25.769 +02:00][ 3788: 3788][info ] Logging initialized
[2025-May-01 16:34:03.369 +02:00][ 3807: 3807][info ] Logging initialized
[2025-May-02 00:32:02.541 +02:00][ 3795: 3795][info ] Logging initialized
[2025-May-01 22:47:27.675 +02:00][ 3761: 3761][info ] Logging initialized
[2025-May-01 22:48:40.869 +02:00][ 3772: 3772][info ] Logging initialized
[2025-May-01 22:51:22.855 +02:00][ 3775: 3775][info ] Logging initialized
[2025-May-01 22:58:39.236 +02:00][ 3793: 3793][info ] Logging initialized
[2025-May-01 23:04:26.909 +02:00][ 3788: 3788][info ] Logging initialized
[2025-May-01 23:08:27.557 +02:00][ 3778: 3778][info ] Logging initialized
[2025-May-02 00:30:52.374 +02:00][ 3782: 3782][info ] Logging initialized
[2025-May-02 00:34:42.872 +02:00][ 3760: 3760][info ] Logging initialized
[2025-May-02 14:05:06.042 +02:00][ 3796: 3796][info ] Logging initialized
[2025-May-02 14:40:58.669 +02:00][ 3811: 3811][info ] Logging initialized
[2025-May-02 19:48:53.790 +02:00][ 3841: 3841][info ] Logging initialized
[2025-May-03 12:22:31.692 +02:00][ 3816: 3816][info ] Logging initialized
[2025-May-03 14:01:37.385 +02:00][ 3815: 3815][info ] Logging initialized
[2025-May-03 19:17:40.571 +02:00][ 3833: 3833][info ] Logging initialized
[2025-May-03 19:27:06.371 +02:00][ 3805: 3805][info ] Logging initialized
[2025-May-04 13:52:19.314 +02:00][ 3845: 3845][info ] Logging initialized
[2025-May-05 13:46:00.655 +02:00][ 3914: 3914][info ] Logging initialized
[2025-May-05 20:55:36.397 +02:00][ 4724: 4724][info ] Logging initialized
[2025-May-06 14:14:28.768 +02:00][ 3900: 3900][info ] Logging initialized
[2025-May-07 15:03:26.161 +02:00][ 3850: 3850][info ] Logging initialized
[2025-May-07 18:12:45.930 +02:00][ 4912: 4912][info ] Logging initialized
[2025-May-07 21:21:31.386 +02:00][ 3934: 3934][info ] Logging initialized
[2025-May-08 16:24:34.000 +02:00][ 4020: 4020][info ] Logging initialized
[2025-May-08 20:53:16.469 +02:00][ 4020: 4020][info ] Logging initialized
[2025-May-09 15:50:16.128 +02:00][ 4022: 4022][info ] Logging initialized
[2025-May-09 17:17:38.719 +02:00][ 4001: 4001][info ] Logging initialized
[2025-May-10 13:13:12.204 +02:00][ 3943: 3943][info ] Logging initialized
[2025-May-10 20:07:46.905 +02:00][ 3927: 3927][info ] Logging initialized
[2025-May-11 12:13:17.341 +02:00][ 3921: 3921][info ] Logging initialized
[2025-May-11 20:25:28.928 +02:00][ 3971: 3971][info ] Logging initialized
[2025-May-12 16:19:15.920 +02:00][ 3893: 3893][info ] Logging initialized
[2025-May-13 14:32:57.757 +02:00][ 3986: 3986][info ] Logging initialized
[2025-May-13 18:55:30.749 +02:00][ 3955: 3955][info ] Logging initialized
[2025-May-14 16:23:49.547 +02:00][ 4039: 4039][info ] Logging initialized
[2025-May-15 14:42:05.840 +02:00][ 4055: 4055][info ] Logging initialized
[2025-May-15 18:19:20.284 +02:00][ 4003: 4003][info ] Logging initialized
[2025-May-15 20:14:49.685 +02:00][ 3990: 3990][info ] Logging initialized
[2025-May-16 14:07:59.183 +02:00][ 4067: 4067][info ] Logging initialized
[2025-May-16 19:14:47.274 +02:00][ 3985: 3985][info ] Logging initialized
[2025-May-17 18:06:23.271 +02:00][ 3979: 3979][info ] Logging initialized
[2025-May-17 19:39:52.008 +02:00][ 3968: 3968][info ] Logging initialized
[2025-May-17 21:51:08.488 +02:00][ 6884: 6884][info ] Logging initialized
[2025-May-17 21:57:02.927 +02:00][10295:10295][info ] Logging initialized
[2025-May-17 23:03:41.596 +02:00][ 1193: 1193][info ] Logging initialized
[2025-May-18 18:26:57.066 +02:00][ 1206: 1206][info ] Logging initialized
[2025-May-18 19:10:29.577 +02:00][ 1174: 1174][info ] Logging initialized
[2025-May-18 19:20:32.645 +02:00][ 1212: 1212][info ] Logging initialized
[2025-May-18 19:33:56.147 +02:00][ 1181: 1181][info ] Logging initialized
[2025-May-19 14:39:58.505 +02:00][ 1226: 1226][info ] Logging initialized
[2025-May-19 15:56:51.487 +02:00][ 1208: 1208][info ] Logging initialized
[2025-May-19 16:51:42.022 +02:00][ 1202: 1202][info ] Logging initialized
[2025-May-19 19:04:55.320 +02:00][ 1319: 1319][info ] Logging initialized
[2025-May-20 15:06:00.906 +02:00][ 1542: 1542][info ] Logging initialized
[2025-May-20 15:09:40.880 +02:00][ 1265: 1265][info ] Logging initialized
[2025-May-20 15:15:07.284 +02:00][ 1324: 1324][info ] Logging initialized
[2025-May-20 18:46:55.359 +02:00][ 1344: 1344][info ] Logging initialized
[2025-May-20 19:05:02.692 +02:00][ 3515: 3515][info ] Logging initialized
[2025-May-20 19:28:22.543 +02:00][ 7198: 7198][info ] Logging initialized
[2025-May-20 20:55:17.408 +02:00][ 1371: 1371][info ] Logging initialized
[2025-May-21 16:24:08.362 +02:00][ 1369: 1369][info ] Logging initialized
[2025-May-21 19:39:08.396 +02:00][ 1369: 1369][info ] Logging initialized
[2025-May-21 19:41:33.484 +02:00][ 1386: 1386][info ] Logging initialized
[2025-May-21 19:46:13.197 +02:00][ 1371: 1371][info ] Logging initialized
[2025-May-21 19:47:41.399 +02:00][ 1381: 1381][info ] Logging initialized
[2025-May-21 19:49:24.968 +02:00][ 1410: 1410][info ] Logging initialized
[2025-May-21 19:52:12.298 +02:00][ 1380: 1380][info ] Logging initialized
[2025-May-22 15:00:48.102 +02:00][ 1420: 1420][info ] Logging initialized
[2025-May-22 15:30:06.617 +02:00][ 1367: 1367][info ] Logging initialized
[2025-May-22 15:35:21.403 +02:00][ 1365: 1365][info ] Logging initialized
[2025-May-22 15:38:46.471 +02:00][ 1359: 1359][info ] Logging initialized
[2025-May-22 15:42:29.752 +02:00][ 1435: 1435][info ] Logging initialized
[2025-May-22 15:44:50.329 +02:00][ 1377: 1377][info ] Logging initialized
[2025-May-22 19:39:29.110 +02:00][ 1440: 1440][info ] Logging initialized
[2025-May-23 14:40:10.974 +02:00][ 1371: 1371][info ] Logging initialized
[2025-May-24 11:28:26.505 +02:00][ 1374: 1374][info ] Logging initialized
[2025-May-24 17:21:33.414 +02:00][ 1364: 1364][info ] Logging initialized
[2025-May-24 17:24:03.320 +02:00][ 1353: 1353][info ] Logging initialized
[2025-May-24 21:38:22.253 +02:00][ 1373: 1373][info ] Logging initialized
[2025-May-25 13:48:04.184 +02:00][ 1692: 1692][info ] Logging initialized
[2025-May-25 17:09:20.085 +02:00][ 1647: 1647][info ] Logging initialized
[2025-May-25 19:05:36.661 +02:00][ 1647: 1647][info ] Logging initialized
[2025-May-26 18:21:58.837 +02:00][ 1665: 1665][info ] Logging initialized
[2025-May-27 19:31:44.403 +02:00][ 1625: 1625][info ] Logging initialized
[2025-May-27 21:22:15.475 +02:00][ 9183: 9183][info ] Logging initialized
[2025-May-27 21:35:48.831 +02:00][ 1667: 1667][info ] Logging initialized
[2025-May-28 18:57:34.215 +02:00][ 1695: 1695][info ] Logging initialized
[2025-May-28 21:30:53.475 +02:00][ 1657: 1657][info ] Logging initialized
[2025-May-29 13:21:10.489 +02:00][ 1629: 1629][info ] Logging initialized
[2025-May-29 18:07:56.620 +02:00][ 1680: 1680][info ] Logging initialized
[2025-May-29 21:53:47.971 +02:00][ 1710: 1710][info ] Logging initialized
[2025-May-29 22:09:13.955 +02:00][ 1700: 1700][info ] Logging initialized
[2025-May-30 17:23:19.746 +02:00][ 1755: 1755][info ] Logging initialized
[2025-May-30 17:25:22.853 +02:00][ 1635: 1635][info ] Logging initialized
[2025-May-31 12:38:58.544 +02:00][ 1726: 1726][info ] Logging initialized
[2025-May-31 13:09:14.464 +02:00][ 1710: 1710][info ] Logging initialized
[2025-May-31 20:54:19.135 +02:00][ 1726: 1726][info ] Logging initialized
[2025-May-31 18:58:20.858 +02:00][ 1716: 1716][info ] Logging initialized
[2025-May-31 19:10:05.959 +02:00][ 1735: 1735][info ] Logging initialized
[2025-May-31 19:12:50.637 +02:00][ 1709: 1709][info ] Logging initialized
[2025-May-31 19:16:23.964 +02:00][ 1716: 1716][info ] Logging initialized
[2025-May-31 20:42:36.883 +02:00][ 1716: 1716][info ] Logging initialized
[2025-May-31 23:57:14.724 +02:00][ 1835: 1835][info ] Logging initialized
[2025-Jun-01 13:02:57.106 +02:00][ 1699: 1699][info ] Logging initialized
[2025-Jun-01 14:04:07.321 +02:00][ 1749: 1749][info ] Logging initialized
[2025-Jun-02 14:08:30.009 +02:00][ 1720: 1720][info ] Logging initialized
[2025-Jun-02 16:42:19.916 +02:00][ 1682: 1682][info ] Logging initialized
