    OpenRGB v0.9
    Commit:  from 
    Launched: 20250518_005019
====================================================================================================

0     |Info:    Found file: aqua.orp attempting to validate header
0     |Info:    Valid v4 profile found for aqua
1001  |Info:    ------------------------------------------------------
1001  |Info:    |               Start device detection               |
1001  |Info:    ------------------------------------------------------
1001  |Info:    Initializing HID interfaces: Success
1009  |Info:    ------------------------------------------------------
1009  |Info:    |             Detecting I2C interfaces               |
1009  |Info:    ------------------------------------------------------
1009  |Info:    Registering I2C interface: /dev/i2c-1 Device 0000:0000 Subsystem: 0000:0000
1009  |Info:    Registering I2C interface: /dev/i2c-2 Device 0000:0000 Subsystem: 0000:0000
1009  |Info:    Registering I2C interface: /dev/i2c-0 Device 0000:0000 Subsystem: 0000:0000
1009  |Info:    ------------------------------------------------------
1009  |Info:    |               Detecting I2C devices                |
1009  |Info:    ------------------------------------------------------
1027  |Info:    ------------------------------------------------------
1027  |Info:    |               Detecting I2C PCI devices            |
1027  |Info:    ------------------------------------------------------
1028  |Info:    ------------------------------------------------------
1028  |Info:    |               Detecting HID devices                |
1028  |Info:    ------------------------------------------------------
1184  |Info:    [B550 GAMING X V2] Registering RGB controller
1184  |Info:    [ASUS ROG Strix Scope RX] Registering RGB controller
1184  |Info:    ------------------------------------------------------
1184  |Info:    |            Detecting libusb HID devices            |
1184  |Info:    ------------------------------------------------------
1283  |Info:    ------------------------------------------------------
1283  |Info:    |              Detecting other devices               |
1283  |Info:    ------------------------------------------------------
1288  |Info:    ------------------------------------------------------
1288  |Info:    |                Detection completed                 |
1288  |Info:    ------------------------------------------------------
