    OpenRGB v0.9
    Commit:  from 
    Launched: 20250519_143955
====================================================================================================

0     |Info:    Found file: aqua.orp attempting to validate header
0     |Info:    Valid v4 profile found for aqua
1002  |Info:    ------------------------------------------------------
1002  |Info:    |               Start device detection               |
1002  |Info:    ------------------------------------------------------
1002  |Info:    Initializing HID interfaces: Success
1010  |Info:    ------------------------------------------------------
1010  |Info:    |             Detecting I2C interfaces               |
1010  |Info:    ------------------------------------------------------
1010  |Info:    Registering I2C interface: /dev/i2c-3 Device 10DE:2489 Subsystem: 10DE:153C
1010  |Info:    Registering I2C interface: /dev/i2c-1 Device 10DE:2489 Subsystem: 10DE:153C
1010  |Info:    Registering I2C interface: /dev/i2c-4 Device 10DE:2489 Subsystem: 10DE:153C
1010  |Info:    Registering I2C interface: /dev/i2c-2 Device 10DE:2489 Subsystem: 10DE:153C
1010  |Info:    Registering I2C interface: /dev/i2c-0 Device 10DE:2489 Subsystem: 10DE:153C
1010  |Info:    Registering I2C interface: /dev/i2c-5 Device 10DE:2489 Subsystem: 10DE:153C
1010  |Info:    ------------------------------------------------------
1010  |Info:    |               Detecting I2C devices                |
1010  |Info:    ------------------------------------------------------
1010  |Info:    ------------------------------------------------------
1011  |Info:    |               Detecting I2C PCI devices            |
1011  |Info:    ------------------------------------------------------
1011  |Info:    ------------------------------------------------------
1011  |Info:    |               Detecting HID devices                |
1011  |Info:    ------------------------------------------------------
1190  |Info:    [B550 GAMING X V2] Registering RGB controller
1247  |Info:    [ASUS ROG Strix Scope RX] Registering RGB controller
1247  |Info:    ------------------------------------------------------
1247  |Info:    |            Detecting libusb HID devices            |
1247  |Info:    ------------------------------------------------------
1346  |Info:    ------------------------------------------------------
1346  |Info:    |              Detecting other devices               |
1346  |Info:    ------------------------------------------------------
1351  |Info:    ------------------------------------------------------
1351  |Info:    |                Detection completed                 |
1351  |Info:    ------------------------------------------------------
1351  |Info:    Profile loading: Succeeded for B550 GAMING X V2 @ HID: /dev/hidraw0
1351  |Info:    Profile loading: Succeeded for ASUS ROG Strix Scope RX @ HID: /dev/hidraw6
