    OpenRGB v0.9
    Commit:  from 
    Launched: 20250519_165617
====================================================================================================

0     |Info:    Found file: aqua.orp attempting to validate header
0     |Info:    Valid v4 profile found for aqua
1001  |Info:    ------------------------------------------------------
1001  |Info:    |               Start device detection               |
1001  |Info:    ------------------------------------------------------
1001  |Info:    Initializing HID interfaces: Success
1008  |Info:    ------------------------------------------------------
1008  |Info:    |             Detecting I2C interfaces               |
1008  |Info:    ------------------------------------------------------
1008  |Info:    Registering I2C interface: /dev/i2c-3 Device 10DE:2489 Subsystem: 10DE:153C
1008  |Info:    Registering I2C interface: /dev/i2c-1 Device 10DE:2489 Subsystem: 10DE:153C
1008  |Info:    Registering I2C interface: /dev/i2c-4 Device 10DE:2489 Subsystem: 10DE:153C
1008  |Info:    Registering I2C interface: /dev/i2c-2 Device 10DE:2489 Subsystem: 10DE:153C
1008  |Info:    Registering I2C interface: /dev/i2c-0 Device 10DE:2489 Subsystem: 10DE:153C
1008  |Info:    Registering I2C interface: /dev/i2c-5 Device 10DE:2489 Subsystem: 10DE:153C
1008  |Info:    ------------------------------------------------------
1008  |Info:    |               Detecting I2C devices                |
1008  |Info:    ------------------------------------------------------
1008  |Info:    ------------------------------------------------------
1008  |Info:    |               Detecting I2C PCI devices            |
1008  |Info:    ------------------------------------------------------
1009  |Info:    ------------------------------------------------------
1009  |Info:    |               Detecting HID devices                |
1009  |Info:    ------------------------------------------------------
1131  |Info:    [B550 GAMING X V2] Registering RGB controller
1132  |Info:    [ASUS ROG Strix Scope RX] Registering RGB controller
1132  |Info:    ------------------------------------------------------
1132  |Info:    |            Detecting libusb HID devices            |
1132  |Info:    ------------------------------------------------------
1229  |Info:    ------------------------------------------------------
1229  |Info:    |              Detecting other devices               |
1229  |Info:    ------------------------------------------------------
1234  |Info:    ------------------------------------------------------
1234  |Info:    |                Detection completed                 |
1234  |Info:    ------------------------------------------------------
1234  |Info:    Profile loading: FAILED! for B550 GAMING X V2 @ HID: /dev/hidraw0
1234  |Info:    Profile loading: FAILED! for ASUS ROG Strix Scope RX @ HID: /dev/hidraw6
